{
  "0 debug pnpm:scope": {
    "selected": 1
  },
  "1 error pnpm": {
    "errno": 1,
    "code": "ELIFECYCLE",
    "pkgid": "time-task-to-markdown@1.0.0",
    "stage": "docs:dev",
    "script": "vitepress dev docs",
    "pkgname": "time-task-to-markdown",
    "err": {
      "name": "pnpm",
      "message": "time-task-to-markdown@1.0.0 docs:dev: `vitepress dev docs`\nExit status 1",
      "code": "ELIFECYCLE",
      "stack": "pnpm: time-task-to-markdown@1.0.0 docs:dev: `vitepress dev docs`\nExit status 1\n    at EventEmitter.<anonymous> (C:\\nvm\\nvm\\v18.4.0\\node_modules\\pnpm\\dist\\pnpm.cjs:106732:20)\n    at EventEmitter.emit (node:events:537:28)\n    at ChildProcess.<anonymous> (C:\\nvm\\nvm\\v18.4.0\\node_modules\\pnpm\\dist\\pnpm.cjs:93301:18)\n    at ChildProcess.emit (node:events:537:28)\n    at maybeClose (node:internal/child_process:1091:16)\n    at ChildProcess._handle.onexit (node:internal/child_process:302:5)"
    }
  },
  "2 warn pnpm:global": " Local package.json exists, but node_modules missing, did you mean to install?"
}